2022-04-19 10:09:22,484:INFO:discord.client: logging in using static token
2022-04-19 10:09:22,704:DEBUG:discord.http: GET https://discord.com/api/v7/users/@me with None has returned 200
2022-04-19 10:09:22,704:DEBUG:discord.http: GET https://discord.com/api/v7/users/@me has received {'id': '964420601353732116', 'username': 'tpbot', 'avatar': None, 'avatar_decoration': None, 'discriminator': '6485', 'public_flags': 0, 'flags': 0, 'bot': True, 'banner': None, 'banner_color': None, 'accent_color': None, 'bio': '', 'pronouns': '', 'locale': 'en-US', 'mfa_enabled': False, 'email': None, 'verified': True}
2022-04-19 10:09:22,737:DEBUG:discord.http: GET https://discord.com/api/v7/gateway with None has returned 200
2022-04-19 10:09:22,737:DEBUG:discord.http: GET https://discord.com/api/v7/gateway has received {'url': 'wss://gateway.discord.gg'}
2022-04-19 10:09:22,901:DEBUG:discord.gateway: Created websocket connected to wss://gateway.discord.gg?encoding=json&v=6&compress=zlib-stream
2022-04-19 10:09:22,902:DEBUG:discord.client: Dispatching event socket_raw_receive
2022-04-19 10:09:22,902:DEBUG:discord.gateway: For Shard ID None: WebSocket Event: {'t': None, 's': None, 'op': 10, 'd': {'heartbeat_interval': 41250, '_trace': ['["gateway-prd-main-n9tx",{"micros":0.0}]']}}
2022-04-19 10:09:22,902:DEBUG:discord.client: Dispatching event socket_response
2022-04-19 10:09:22,902:DEBUG:discord.client: Dispatching event socket_raw_send
2022-04-19 10:09:22,902:DEBUG:discord.client: Dispatching event socket_raw_send
2022-04-19 10:09:22,902:INFO:discord.gateway: Shard ID None has sent the IDENTIFY payload.
2022-04-19 10:09:23,013:DEBUG:discord.client: Dispatching event socket_raw_receive
2022-04-19 10:09:23,013:DEBUG:discord.gateway: For Shard ID None: WebSocket Event: {'t': None, 's': None, 'op': 11, 'd': None}
2022-04-19 10:09:23,013:DEBUG:discord.client: Dispatching event socket_response
2022-04-19 10:09:23,118:DEBUG:discord.client: Dispatching event socket_raw_receive
2022-04-19 10:09:23,118:DEBUG:discord.gateway: For Shard ID None: WebSocket Event: {'t': 'READY', 's': 1, 'op': 0, 'd': {'v': 6, 'user_settings': {}, 'user': {'verified': True, 'username': 'tpbot', 'mfa_enabled': False, 'id': '964420601353732116', 'flags': 0, 'email': None, 'discriminator': '6485', 'bot': True, 'avatar': None}, 'session_id': '101ed2666f69f04e567ed4e0c7f87e53', 'relationships': [], 'private_channels': [], 'presences': [], 'guilds': [{'unavailable': True, 'id': '964428441673928714'}], 'guild_join_requests': [], 'geo_ordered_rtc_regions': ['rotterdam', 'milan', 'madrid', 'stockholm', 'st-pete'], 'application': {'id': '964420601353732116', 'flags': 827392}, '_trace': ['["gateway-prd-main-n9tx",{"micros":111857,"calls":["discord-sessions-blue-prd-2-83",{"micros":111011,"calls":["start_session",{"micros":78422,"calls":["discord-api-76fd856c74-fkrm7",{"micros":73762,"calls":["get_user",{"micros":29021},"add_authorized_ip",{"micros":4886},"get_guilds",{"micros":4692},"coros_wait",{"micros":4}]}]},"guilds_connect",{"micros":2,"calls":[]},"presence_connect",{"micros":31977,"calls":[]}]}]}]']}}
2022-04-19 10:09:23,118:DEBUG:discord.client: Dispatching event socket_response
2022-04-19 10:09:23,118:INFO:discord.gateway: Shard ID None has connected to Gateway: ["gateway-prd-main-n9tx",{"micros":111857,"calls":["discord-sessions-blue-prd-2-83",{"micros":111011,"calls":["start_session",{"micros":78422,"calls":["discord-api-76fd856c74-fkrm7",{"micros":73762,"calls":["get_user",{"micros":29021},"add_authorized_ip",{"micros":4886},"get_guilds",{"micros":4692},"coros_wait",{"micros":4}]}]},"guilds_connect",{"micros":2,"calls":[]},"presence_connect",{"micros":31977,"calls":[]}]}]}] (Session ID: 101ed2666f69f04e567ed4e0c7f87e53).
2022-04-19 10:09:23,123:DEBUG:discord.client: Dispatching event connect
2022-04-19 10:09:23,123:DEBUG:discord.client: Dispatching event socket_raw_receive
2022-04-19 10:09:23,123:DEBUG:discord.gateway: For Shard ID None: WebSocket Event: {'t': 'GUILD_CREATE', 's': 2, 'op': 0, 'd': {'owner_id': '289784810853892107', 'guild_hashes': {'version': 1, 'roles': {'omitted': False, 'hash': 'rOwPlYmwxpQ'}, 'metadata': {'omitted': False, 'hash': 'uCuTIY/oquw'}, 'channels': {'omitted': False, 'hash': 'X4ZEKqujLxM'}}, 'name': 'bot', 'stage_instances': [], 'vanity_url_code': None, 'stickers': [], 'explicit_content_filter': 0, 'member_count': 2, 'lazy': True, 'channels': [{'type': 4, 'position': 0, 'permission_overwrites': [], 'name': 'Text Channels', 'id': '964428441673928715'}, {'type': 4, 'position': 0, 'permission_overwrites': [], 'name': 'Voice Channels', 'id': '964428441673928716'}, {'type': 0, 'topic': None, 'rate_limit_per_user': 0, 'position': 0, 'permission_overwrites': [], 'parent_id': '964428441673928715', 'name': 'general', 'last_message_id': '964963041437450260', 'id': '964428441673928717'}, {'user_limit': 0, 'type': 2, 'rtc_region': None, 'rate_limit_per_user': 0, 'position': 0, 'permission_overwrites': [], 'parent_id': '964428441673928716', 'name': 'General', 'last_message_id': None, 'id': '964428441673928718', 'bitrate': 64000}], 'premium_subscription_count': 0, 'system_channel_id': '964428441673928717', 'hub_type': None, 'icon': None, 'roles': [{'unicode_emoji': None, 'tags': {}, 'position': 0, 'permissions_new': '1071698660929', 'permissions': 104320577, 'name': '@everyone', 'mentionable': False, 'managed': False, 'id': '964428441673928714', 'icon': None, 'hoist': False, 'color': 0}, {'unicode_emoji': None, 'tags': {'bot_id': '964420601353732116'}, 'position': 1, 'permissions_new': '8', 'permissions': 8, 'name': 'tpbot', 'mentionable': False, 'managed': True, 'id': '964428499861536791', 'icon': None, 'hoist': False, 'color': 0}], 'premium_tier': 0, 'max_video_channel_users': 25, 'voice_states': [], 'discovery_splash': None, 'afk_timeout': 300, 'banner': None, 'default_message_notifications': 0, 'features': [], 'afk_channel_id': None, 'members': [{'user': {'username': 'tpbot', 'id': '964420601353732116', 'discriminator': '6485', 'bot': True, 'avatar': None}, 'roles': ['964428499861536791'], 'mute': False, 'joined_at': '2022-04-15T07:34:32.631000+00:00', 'hoisted_role': None, 'flags': 0, 'deaf': False}], 'preferred_locale': 'en-US', 'description': None, 'rules_channel_id': None, 'embedded_activities': [], 'emojis': [], 'threads': [], 'splash': None, 'mfa_level': 0, 'system_channel_flags': 0, 'public_updates_channel_id': None, 'verification_level': 0, 'joined_at': '2022-04-15T07:34:32.631000+00:00', 'unavailable': False, 'id': '964428441673928714', 'nsfw_level': 0, 'premium_progress_bar_enabled': False, 'max_members': 500000, 'guild_scheduled_events': [], 'region': 'deprecated', 'presences': [], 'nsfw': False, 'large': False, 'application_id': None, 'application_command_counts': {'3': 0, '2': 0, '1': 0}}}
2022-04-19 10:09:23,123:DEBUG:discord.client: Dispatching event socket_response
2022-04-19 10:09:23,124:DEBUG:discord.client: Dispatching event socket_raw_send
2022-04-19 10:09:23,255:DEBUG:discord.client: Dispatching event socket_raw_receive
2022-04-19 10:09:23,255:DEBUG:discord.gateway: For Shard ID None: WebSocket Event: {'t': 'GUILD_MEMBERS_CHUNK', 's': 3, 'op': 0, 'd': {'nonce': 'bf8ce5ae443c6b27ef50684ace2cb374', 'members': [{'user': {'username': 'JuIie', 'id': '289784810853892107', 'discriminator': '5472', 'avatar': '8406abc1329b0ce227759bdda4404c1f'}, 'roles': [], 'mute': False, 'joined_at': '2022-04-15T07:34:18.719000+00:00', 'hoisted_role': None, 'flags': 0, 'deaf': False}, {'user': {'username': 'tpbot', 'id': '964420601353732116', 'discriminator': '6485', 'bot': True, 'avatar': None}, 'roles': ['964428499861536791'], 'mute': False, 'joined_at': '2022-04-15T07:34:32.631000+00:00', 'hoisted_role': None, 'flags': 0, 'deaf': False}], 'guild_id': '964428441673928714', 'chunk_index': 0, 'chunk_count': 1}}
2022-04-19 10:09:23,255:DEBUG:discord.client: Dispatching event socket_response
2022-04-19 10:09:23,255:DEBUG:discord.state: Processed a chunk for 2 members in guild ID 964428441673928714.
2022-04-19 10:09:25,127:DEBUG:discord.client: Dispatching event guild_available
2022-04-19 10:09:25,127:DEBUG:discord.client: Dispatching event ready
2022-04-19 10:10:04,153:DEBUG:discord.gateway: Keeping shard ID None websocket alive with sequence 3.
2022-04-19 10:10:04,253:DEBUG:discord.client: Dispatching event socket_raw_receive
2022-04-19 10:10:04,253:DEBUG:discord.gateway: For Shard ID None: WebSocket Event: {'t': None, 's': None, 'op': 11, 'd': None}
2022-04-19 10:10:04,253:DEBUG:discord.client: Dispatching event socket_response
2022-04-19 10:10:45,404:DEBUG:discord.gateway: Keeping shard ID None websocket alive with sequence 3.
2022-04-19 10:10:45,507:DEBUG:discord.client: Dispatching event socket_raw_receive
2022-04-19 10:10:45,507:DEBUG:discord.gateway: For Shard ID None: WebSocket Event: {'t': None, 's': None, 'op': 11, 'd': None}
2022-04-19 10:10:45,507:DEBUG:discord.client: Dispatching event socket_response
